0 info it worked if it ends with ok
1 verbose cli [ '/usr/local/bin/node',
1 verbose cli   '/usr/local/bin/npm',
1 verbose cli   'install',
1 verbose cli   '--save',
1 verbose cli   'base64' ]
2 info using npm@3.10.3
3 info using node@v6.5.0
4 silly loadCurrentTree Starting
5 silly install loadCurrentTree
6 silly install readLocalPackageData
7 silly fetchPackageMetaData base64
8 silly fetchNamedPackageData base64
9 silly mapToRegistry name base64
10 silly mapToRegistry using default registry
11 silly mapToRegistry registry https://registry.npm.taobao.org/
12 silly mapToRegistry data Result {
12 silly mapToRegistry   raw: 'base64',
12 silly mapToRegistry   scope: null,
12 silly mapToRegistry   escapedName: 'base64',
12 silly mapToRegistry   name: 'base64',
12 silly mapToRegistry   rawSpec: '',
12 silly mapToRegistry   spec: 'latest',
12 silly mapToRegistry   type: 'tag' }
13 silly mapToRegistry uri https://registry.npm.taobao.org/base64
14 verbose request uri https://registry.npm.taobao.org/base64
15 verbose request no auth needed
16 info attempt registry request try #1 at 10:32:50
17 verbose request id 9c82e35b1e8a86e8
18 http request GET https://registry.npm.taobao.org/base64
19 http 200 https://registry.npm.taobao.org/base64
20 verbose headers { date: 'Wed, 10 May 2017 02:32:50 GMT',
20 verbose headers   'content-type': 'application/json; charset=utf-8',
20 verbose headers   'content-length': '11792',
20 verbose headers   connection: 'keep-alive',
20 verbose headers   'x-current-requests': '1',
20 verbose headers   etag: '"2e10-KKs8W9GSY1x+U31gc11sSTEZ9o8"',
20 verbose headers   'x-readtime': '28' }
21 silly get cb [ 200,
21 silly get   { date: 'Wed, 10 May 2017 02:32:50 GMT',
21 silly get     'content-type': 'application/json; charset=utf-8',
21 silly get     'content-length': '11792',
21 silly get     connection: 'keep-alive',
21 silly get     'x-current-requests': '1',
21 silly get     etag: '"2e10-KKs8W9GSY1x+U31gc11sSTEZ9o8"',
21 silly get     'x-readtime': '28' } ]
22 verbose get saving base64 to /Users/wangchengkai/.npm/registry.npm.taobao.org/base64/.cache.json
23 verbose correctMkdir /Users/wangchengkai/.npm correctMkdir not in flight; initializing
24 silly install normalizeTree
25 silly loadCurrentTree Finishing
26 silly loadIdealTree Starting
27 silly install loadIdealTree
28 silly cloneCurrentTree Starting
29 silly install cloneCurrentTreeToIdealTree
30 silly cloneCurrentTree Finishing
31 silly loadShrinkwrap Starting
32 silly install loadShrinkwrap
33 silly loadShrinkwrap Finishing
34 silly loadAllDepsIntoIdealTree Starting
35 silly install loadAllDepsIntoIdealTree
36 silly resolveWithNewModule base64@2.1.0 checking installable status
37 silly cache add args [ 'base64', null ]
38 verbose cache add spec base64
39 silly cache add parsed spec Result {
39 silly cache add   raw: 'base64',
39 silly cache add   scope: null,
39 silly cache add   escapedName: 'base64',
39 silly cache add   name: 'base64',
39 silly cache add   rawSpec: '',
39 silly cache add   spec: 'latest',
39 silly cache add   type: 'tag' }
40 silly addNamed base64@latest
41 verbose addNamed "latest" is being treated as a dist-tag for base64
42 info addNameTag [ 'base64', 'latest' ]
43 silly mapToRegistry name base64
44 silly mapToRegistry using default registry
45 silly mapToRegistry registry https://registry.npm.taobao.org/
46 silly mapToRegistry data Result {
46 silly mapToRegistry   raw: 'base64',
46 silly mapToRegistry   scope: null,
46 silly mapToRegistry   escapedName: 'base64',
46 silly mapToRegistry   name: 'base64',
46 silly mapToRegistry   rawSpec: '',
46 silly mapToRegistry   spec: 'latest',
46 silly mapToRegistry   type: 'tag' }
47 silly mapToRegistry uri https://registry.npm.taobao.org/base64
48 verbose addNameTag registry:https://registry.npm.taobao.org/base64 not in flight; fetching
49 verbose get https://registry.npm.taobao.org/base64 not expired, no request
50 silly addNameTag next cb for base64 with tag latest
51 silly addNamed base64@2.1.0
52 verbose addNamed "2.1.0" is a plain semver version for base64
53 silly mapToRegistry name base64
54 silly mapToRegistry using default registry
55 silly mapToRegistry registry https://registry.npm.taobao.org/
56 silly mapToRegistry data Result {
56 silly mapToRegistry   raw: 'base64',
56 silly mapToRegistry   scope: null,
56 silly mapToRegistry   escapedName: 'base64',
56 silly mapToRegistry   name: 'base64',
56 silly mapToRegistry   rawSpec: '',
56 silly mapToRegistry   spec: 'latest',
56 silly mapToRegistry   type: 'tag' }
57 silly mapToRegistry uri https://registry.npm.taobao.org/base64
58 verbose addRemoteTarball https://registry.npm.taobao.org/base64/download/base64-2.1.0.tgz not in flight; adding
59 verbose addRemoteTarball [ 'https://registry.npm.taobao.org/base64/download/base64-2.1.0.tgz',
59 verbose addRemoteTarball   'c2663daf069203b758fb12b91c516fae87963314' ]
60 info retry fetch attempt 1 at 10:32:51
61 info attempt registry request try #1 at 10:32:51
62 http fetch GET https://registry.npm.taobao.org/base64/download/base64-2.1.0.tgz
63 http fetch 200 https://registry.npm.taobao.org/base64/download/base64-2.1.0.tgz
64 silly fetchAndShaCheck shasum c2663daf069203b758fb12b91c516fae87963314
65 verbose addTmpTarball /var/folders/74/bzj90ptj3q3f06x2mxcdckvc0000gn/T/npm-94831-08e27ffe/registry.npm.taobao.org/base64/download/base64-2.1.0.tgz not in flight; adding
66 verbose addTmpTarball already have metadata; skipping unpack for base64@2.1.0
67 verbose correctMkdir /Users/wangchengkai/.npm correctMkdir not in flight; initializing
68 silly cache afterAdd base64@2.1.0
69 verbose afterAdd /Users/wangchengkai/.npm/base64/2.1.0/package/package.json not in flight; writing
70 verbose correctMkdir /Users/wangchengkai/.npm correctMkdir not in flight; initializing
71 verbose afterAdd /Users/wangchengkai/.npm/base64/2.1.0/package/package.json written
72 silly loadAllDepsIntoIdealTree Finishing
73 silly loadIdealTree Finishing
74 silly currentTree kmall@1.0.0
74 silly currentTree ├── accepts@1.3.3
74 silly currentTree ├── acorn-globals@1.0.9
74 silly currentTree ├── acorn@2.7.0
74 silly currentTree ├── address@1.0.1
74 silly currentTree ├── addressparser@1.0.1
74 silly currentTree ├── adler-32@1.0.0
74 silly currentTree ├── agentkeepalive@2.2.0
74 silly currentTree ├── ajv@4.11.8
74 silly currentTree ├── ali-oss@4.8.0
74 silly currentTree ├── align-text@0.1.4
74 silly currentTree ├── amdefine@1.0.1
74 silly currentTree ├── any-promise@1.3.0
74 silly currentTree ├── array-flatten@1.1.1
74 silly currentTree ├── asap@1.0.0
74 silly currentTree ├── asn1@0.2.3
74 silly currentTree ├── assert-plus@0.2.0
74 silly currentTree ├── async@0.2.10
74 silly currentTree ├── asynckit@0.4.0
74 silly currentTree ├── aws-sign2@0.6.0
74 silly currentTree ├── aws4@1.6.0
74 silly currentTree ├── base64-url@1.3.3
74 silly currentTree ├── base64url@2.0.0
74 silly currentTree ├── basic-auth@1.1.0
74 silly currentTree ├── bcrypt-pbkdf@1.0.1
74 silly currentTree ├── bignumber.js@3.1.2
74 silly currentTree ├── bluebird@3.5.0
74 silly currentTree ├─┬ body-parser@1.17.1
74 silly currentTree │ ├── debug@2.6.1
74 silly currentTree │ └── ms@0.7.2
74 silly currentTree ├── boom@2.10.1
74 silly currentTree ├── bowser@1.6.0
74 silly currentTree ├── buffer-equal-constant-time@1.0.1
74 silly currentTree ├── buffer-shims@1.0.0
74 silly currentTree ├── buildmail@4.0.1
74 silly currentTree ├── busboy@0.2.14
74 silly currentTree ├── bytes@2.4.0
74 silly currentTree ├── camelcase@1.2.1
74 silly currentTree ├── caseless@0.12.0
74 silly currentTree ├── center-align@0.1.3
74 silly currentTree ├─┬ cfb@0.11.1
74 silly currentTree │ └── commander@2.9.0
74 silly currentTree ├── character-parser@1.2.1
74 silly currentTree ├─┬ clean-css@3.4.24
74 silly currentTree │ └── commander@2.8.1
74 silly currentTree ├─┬ cliui@2.1.0
74 silly currentTree │ └── wordwrap@0.0.2
74 silly currentTree ├── co-defer@1.0.0
74 silly currentTree ├── co-gather@0.0.1
74 silly currentTree ├── co-thread@0.0.1
74 silly currentTree ├── co@4.6.0
74 silly currentTree ├─┬ codepage@1.8.1
74 silly currentTree │ └── commander@2.9.0
74 silly currentTree ├── colors@0.6.2
74 silly currentTree ├── combined-stream@1.0.5
74 silly currentTree ├── commander@2.6.0
74 silly currentTree ├─┬ concat-stream@1.6.0
74 silly currentTree │ ├── isarray@1.0.0
74 silly currentTree │ ├── readable-stream@2.2.9
74 silly currentTree │ └── string_decoder@1.0.0
74 silly currentTree ├── constantinople@3.0.2
74 silly currentTree ├── content-disposition@0.5.2
74 silly currentTree ├── content-type@1.0.2
74 silly currentTree ├── cookie-parser@1.4.3
74 silly currentTree ├── cookie-signature@1.0.6
74 silly currentTree ├── cookie@0.3.1
74 silly currentTree ├── copy-to@2.0.1
74 silly currentTree ├── core-util-is@1.0.2
74 silly currentTree ├── crc-32@1.0.2
74 silly currentTree ├── crc@3.4.4
74 silly currentTree ├── cryptiles@2.0.5
74 silly currentTree ├── css-parse@1.0.4
74 silly currentTree ├── css-stringify@1.0.5
74 silly currentTree ├── css@1.0.8
74 silly currentTree ├─┬ dashdash@1.14.1
74 silly currentTree │ └── assert-plus@1.0.0
74 silly currentTree ├── dateformat@2.0.0
74 silly currentTree ├── debug@2.2.0
74 silly currentTree ├── decamelize@1.2.0
74 silly currentTree ├── default-user-agent@1.0.0
74 silly currentTree ├── delayed-stream@1.0.0
74 silly currentTree ├── depd@1.1.0
74 silly currentTree ├── destroy@1.0.4
74 silly currentTree ├── dicer@0.2.5
74 silly currentTree ├─┬ digest-header@0.0.1
74 silly currentTree │ └── utility@0.1.11
74 silly currentTree ├── ecc-jsbn@0.1.1
74 silly currentTree ├── ecdsa-sig-formatter@1.0.9
74 silly currentTree ├── ee-first@1.1.1
74 silly currentTree ├── encodeurl@1.0.1
74 silly currentTree ├── end-or-error@1.0.1
74 silly currentTree ├── enforce@0.1.7
74 silly currentTree ├── escape-html@1.0.3
74 silly currentTree ├── etag@1.8.0
74 silly currentTree ├── exit-on-epipe@1.0.0
74 silly currentTree ├─┬ express-mysql-session@1.2.0
74 silly currentTree │ ├── bignumber.js@2.3.0
74 silly currentTree │ ├── crc@3.4.0
74 silly currentTree │ ├── express-session@1.14.0
74 silly currentTree │ ├── mysql@2.11.1
74 silly currentTree │ └── sqlstring@2.0.1
74 silly currentTree ├─┬ express-session@1.15.2
74 silly currentTree │ ├── debug@2.6.3
74 silly currentTree │ ├── ms@0.7.2
74 silly currentTree │ └── uid-safe@2.1.4
74 silly currentTree ├─┬ express@4.15.2
74 silly currentTree │ ├── debug@2.6.1
74 silly currentTree │ └── ms@0.7.2
74 silly currentTree ├── extend@3.0.1
74 silly currentTree ├── extsprintf@1.0.2
74 silly currentTree ├── fd-slicer@1.0.1
74 silly currentTree ├─┬ finalhandler@1.0.2
74 silly currentTree │ ├── debug@2.6.4
74 silly currentTree │ └── ms@0.7.3
74 silly currentTree ├── forever-agent@0.6.1
74 silly currentTree ├── form-data@2.1.4
74 silly currentTree ├── forwarded@0.1.0
74 silly currentTree ├── frac@0.3.1
74 silly currentTree ├── fresh@0.5.0
74 silly currentTree ├── get-ready@1.0.0
74 silly currentTree ├─┬ getpass@0.1.7
74 silly currentTree │ └── assert-plus@1.0.0
74 silly currentTree ├── graceful-readlink@1.0.1
74 silly currentTree ├── har-schema@1.0.5
74 silly currentTree ├── har-validator@4.2.1
74 silly currentTree ├── hat@0.0.3
74 silly currentTree ├── hawk@3.1.3
74 silly currentTree ├── hoek@2.16.3
74 silly currentTree ├── http-errors@1.6.1
74 silly currentTree ├── http-signature@1.1.1
74 silly currentTree ├── httpntlm@1.6.1
74 silly currentTree ├── httpreq@0.4.22
74 silly currentTree ├── humanize-ms@1.2.0
74 silly currentTree ├── iconv-lite@0.4.15
74 silly currentTree ├── inherits@2.0.3
74 silly currentTree ├── ip@1.1.4
74 silly currentTree ├── ipaddr.js@1.3.0
74 silly currentTree ├── is-buffer@1.1.4
74 silly currentTree ├── is-class@0.0.4
74 silly currentTree ├── is-promise@2.1.0
74 silly currentTree ├── is-type-of@1.0.0
74 silly currentTree ├── is-typedarray@1.0.0
74 silly currentTree ├── isarray@0.0.1
74 silly currentTree ├── isemail@1.2.0
74 silly currentTree ├── isstream@0.1.2
74 silly currentTree ├── jade@1.11.0
74 silly currentTree ├── jodid25519@1.0.2
74 silly currentTree ├── joi@6.10.1
74 silly currentTree ├── jsbn@0.1.1
74 silly currentTree ├── json-schema@0.2.3
74 silly currentTree ├── json-stable-stringify@1.0.1
74 silly currentTree ├── json-stringify-safe@5.0.1
74 silly currentTree ├── jsonify@0.0.0
74 silly currentTree ├── jsonwebtoken@7.4.0
74 silly currentTree ├─┬ jsprim@1.4.0
74 silly currentTree │ └── assert-plus@1.0.0
74 silly currentTree ├── jstransformer@0.0.2
74 silly currentTree ├── jwa@1.1.5
74 silly currentTree ├── jws@3.1.4
74 silly currentTree ├── kind-of@3.1.0
74 silly currentTree ├── lazy-cache@1.0.4
74 silly currentTree ├── libbase64@0.1.0
74 silly currentTree ├── libmime@3.0.0
74 silly currentTree ├── libqp@1.1.0
74 silly currentTree ├── lodash.once@4.1.1
74 silly currentTree ├── lodash@4.17.2
74 silly currentTree ├── longest@1.0.1
74 silly currentTree ├── mailcomposer@4.0.1
74 silly currentTree ├── media-typer@0.3.0
74 silly currentTree ├── merge-descriptors@1.0.1
74 silly currentTree ├── methods@1.1.2
74 silly currentTree ├── mime-db@1.27.0
74 silly currentTree ├── mime-types@2.1.15
74 silly currentTree ├── mime@1.3.4
74 silly currentTree ├── minimist@0.0.8
74 silly currentTree ├── mkdirp@0.5.1
74 silly currentTree ├── mmmagic@0.4.5
74 silly currentTree ├── moment@2.18.1
74 silly currentTree ├─┬ morgan@1.8.1
74 silly currentTree │ ├── debug@2.6.1
74 silly currentTree │ └── ms@0.7.2
74 silly currentTree ├── ms@0.7.1
74 silly currentTree ├── multiparty@4.1.3
74 silly currentTree ├── mysql@2.13.0
74 silly currentTree ├── nan@2.5.1
74 silly currentTree ├── negotiator@0.6.1
74 silly currentTree ├── node-pluploader@0.0.6
74 silly currentTree ├── node-xlsx@0.7.4
74 silly currentTree ├── nodemailer-direct-transport@3.3.2
74 silly currentTree ├── nodemailer-fetch@1.6.0
74 silly currentTree ├── nodemailer-shared@1.1.0
74 silly currentTree ├── nodemailer-smtp-pool@2.8.2
74 silly currentTree ├── nodemailer-smtp-transport@2.7.2
74 silly currentTree ├── nodemailer-wellknown@0.1.10
74 silly currentTree ├── nodemailer@2.7.2
74 silly currentTree ├── oauth-sign@0.8.2
74 silly currentTree ├── on-finished@2.3.0
74 silly currentTree ├── on-headers@1.0.1
74 silly currentTree ├── optimist@0.3.7
74 silly currentTree ├─┬ orm-paging@0.0.1
74 silly currentTree │ └─┬ orm@3.2.3
74 silly currentTree │   ├─┬ async@2.1.4
74 silly currentTree │   │ └── lodash@4.17.4
74 silly currentTree │   ├── enforce@0.1.7
74 silly currentTree │   ├── hat@0.0.3
74 silly currentTree │   ├── lodash@4.17.2
74 silly currentTree │   ├── path-is-absolute@1.0.1
74 silly currentTree │   ├─┬ sql-ddl-sync@0.3.12
74 silly currentTree │   │ └── lodash@4.17.2
74 silly currentTree │   └── sql-query@0.1.26
74 silly currentTree ├─┬ orm@3.2.3
74 silly currentTree │ └── async@2.1.4
74 silly currentTree ├── os-name@1.0.3
74 silly currentTree ├─┬ osx-release@1.1.0
74 silly currentTree │ └── minimist@1.2.0
74 silly currentTree ├── parseurl@1.3.1
74 silly currentTree ├── path-is-absolute@1.0.1
74 silly currentTree ├── path-to-regexp@0.1.7
74 silly currentTree ├── pend@1.2.0
74 silly currentTree ├── performance-now@0.2.0
74 silly currentTree ├── platform@1.3.3
74 silly currentTree ├── printj@1.0.0
74 silly currentTree ├── process-nextick-args@1.0.7
74 silly currentTree ├── promise@6.1.0
74 silly currentTree ├── proxy-addr@1.1.4
74 silly currentTree ├── punycode@1.4.1
74 silly currentTree ├── qs@6.4.0
74 silly currentTree ├── random-bytes@1.0.0
74 silly currentTree ├── range-parser@1.2.0
74 silly currentTree ├── raw-body@2.2.0
74 silly currentTree ├── readable-stream@1.1.14
74 silly currentTree ├── repeat-string@1.6.1
74 silly currentTree ├── request@2.81.0
74 silly currentTree ├── right-align@0.1.3
74 silly currentTree ├── safe-buffer@5.0.1
74 silly currentTree ├── sax@1.2.2
74 silly currentTree ├── sdk-base@2.0.1
74 silly currentTree ├── semver@5.3.0
74 silly currentTree ├─┬ send@0.15.1
74 silly currentTree │ ├── debug@2.6.1
74 silly currentTree │ └── ms@0.7.2
74 silly currentTree ├── serve-static@1.12.1
74 silly currentTree ├── setprototypeof@1.0.3
74 silly currentTree ├── smart-buffer@1.0.13
74 silly currentTree ├── smtp-connection@2.12.0
74 silly currentTree ├── sntp@1.0.9
74 silly currentTree ├── socks@1.1.9
74 silly currentTree ├── source-map@0.4.4
74 silly currentTree ├── sql-ddl-sync@0.3.12
74 silly currentTree ├── sql-query@0.1.26
74 silly currentTree ├── sqlstring@2.2.0
74 silly currentTree ├── ssf@0.8.2
74 silly currentTree ├─┬ sshpk@1.13.0
74 silly currentTree │ └── assert-plus@1.0.0
74 silly currentTree ├── statuses@1.3.1
74 silly currentTree ├── streamsearch@0.1.2
74 silly currentTree ├── string_decoder@0.10.31
74 silly currentTree ├── stringstream@0.0.5
74 silly currentTree ├── topo@1.1.0
74 silly currentTree ├── tough-cookie@2.3.2
74 silly currentTree ├─┬ transformers@2.1.0
74 silly currentTree │ ├── is-promise@1.0.1
74 silly currentTree │ ├── promise@2.0.0
74 silly currentTree │ ├── source-map@0.1.43
74 silly currentTree │ └── uglify-js@2.2.5
74 silly currentTree ├── tunnel-agent@0.6.0
74 silly currentTree ├── tweetnacl@0.14.5
74 silly currentTree ├── type-is@1.6.15
74 silly currentTree ├── typedarray@0.0.6
74 silly currentTree ├─┬ uglify-js@2.7.5
74 silly currentTree │ └── source-map@0.5.6
74 silly currentTree ├── uglify-to-browserify@1.0.2
74 silly currentTree ├── uid-safe@2.1.3
74 silly currentTree ├── underscore@1.7.0
74 silly currentTree ├── unpipe@1.0.0
74 silly currentTree ├─┬ urllib@2.21.0
74 silly currentTree │ ├── debug@2.6.1
74 silly currentTree │ └── ms@0.7.2
74 silly currentTree ├── util-deprecate@1.0.2
74 silly currentTree ├── utility@1.11.0
74 silly currentTree ├── utils-merge@1.0.0
74 silly currentTree ├── uuid@3.0.1
74 silly currentTree ├── vary@1.1.1
74 silly currentTree ├── verror@1.3.6
74 silly currentTree ├── voc@0.5.0
74 silly currentTree ├── void-elements@2.0.1
74 silly currentTree ├── win-release@1.1.1
74 silly currentTree ├── window-size@0.1.0
74 silly currentTree ├─┬ with@4.0.3
74 silly currentTree │ └── acorn@1.2.2
74 silly currentTree ├── wordwrap@0.0.3
74 silly currentTree ├─┬ xlsx@0.8.8
74 silly currentTree │ └── commander@2.9.0
74 silly currentTree ├── xml2js@0.4.17
74 silly currentTree ├── xmlbuilder@4.2.1
74 silly currentTree ├── xtend@4.0.1
74 silly currentTree └── yargs@3.10.0
75 silly idealTree kmall@1.0.0
75 silly idealTree ├── accepts@1.3.3
75 silly idealTree ├── acorn-globals@1.0.9
75 silly idealTree ├── acorn@2.7.0
75 silly idealTree ├── address@1.0.1
75 silly idealTree ├── addressparser@1.0.1
75 silly idealTree ├── adler-32@1.0.0
75 silly idealTree ├── agentkeepalive@2.2.0
75 silly idealTree ├── ajv@4.11.8
75 silly idealTree ├── ali-oss@4.8.0
75 silly idealTree ├── align-text@0.1.4
75 silly idealTree ├── amdefine@1.0.1
75 silly idealTree ├── any-promise@1.3.0
75 silly idealTree ├── array-flatten@1.1.1
75 silly idealTree ├── asap@1.0.0
75 silly idealTree ├── asn1@0.2.3
75 silly idealTree ├── assert-plus@0.2.0
75 silly idealTree ├── async@0.2.10
75 silly idealTree ├── asynckit@0.4.0
75 silly idealTree ├── aws-sign2@0.6.0
75 silly idealTree ├── aws4@1.6.0
75 silly idealTree ├── base64-url@1.3.3
75 silly idealTree ├── base64@2.1.0
75 silly idealTree ├── base64url@2.0.0
75 silly idealTree ├── basic-auth@1.1.0
75 silly idealTree ├── bcrypt-pbkdf@1.0.1
75 silly idealTree ├── bignumber.js@3.1.2
75 silly idealTree ├── bluebird@3.5.0
75 silly idealTree ├─┬ body-parser@1.17.1
75 silly idealTree │ ├── debug@2.6.1
75 silly idealTree │ └── ms@0.7.2
75 silly idealTree ├── boom@2.10.1
75 silly idealTree ├── bowser@1.6.0
75 silly idealTree ├── buffer-equal-constant-time@1.0.1
75 silly idealTree ├── buffer-shims@1.0.0
75 silly idealTree ├── buildmail@4.0.1
75 silly idealTree ├── busboy@0.2.14
75 silly idealTree ├── bytes@2.4.0
75 silly idealTree ├── camelcase@1.2.1
75 silly idealTree ├── caseless@0.12.0
75 silly idealTree ├── center-align@0.1.3
75 silly idealTree ├─┬ cfb@0.11.1
75 silly idealTree │ └── commander@2.9.0
75 silly idealTree ├── character-parser@1.2.1
75 silly idealTree ├─┬ clean-css@3.4.24
75 silly idealTree │ └── commander@2.8.1
75 silly idealTree ├─┬ cliui@2.1.0
75 silly idealTree │ └── wordwrap@0.0.2
75 silly idealTree ├── co-defer@1.0.0
75 silly idealTree ├── co-gather@0.0.1
75 silly idealTree ├── co-thread@0.0.1
75 silly idealTree ├── co@4.6.0
75 silly idealTree ├─┬ codepage@1.8.1
75 silly idealTree │ └── commander@2.9.0
75 silly idealTree ├── colors@0.6.2
75 silly idealTree ├── combined-stream@1.0.5
75 silly idealTree ├── commander@2.6.0
75 silly idealTree ├─┬ concat-stream@1.6.0
75 silly idealTree │ ├── isarray@1.0.0
75 silly idealTree │ ├── readable-stream@2.2.9
75 silly idealTree │ └── string_decoder@1.0.0
75 silly idealTree ├── constantinople@3.0.2
75 silly idealTree ├── content-disposition@0.5.2
75 silly idealTree ├── content-type@1.0.2
75 silly idealTree ├── cookie-parser@1.4.3
75 silly idealTree ├── cookie-signature@1.0.6
75 silly idealTree ├── cookie@0.3.1
75 silly idealTree ├── copy-to@2.0.1
75 silly idealTree ├── core-util-is@1.0.2
75 silly idealTree ├── crc-32@1.0.2
75 silly idealTree ├── crc@3.4.4
75 silly idealTree ├── cryptiles@2.0.5
75 silly idealTree ├── css-parse@1.0.4
75 silly idealTree ├── css-stringify@1.0.5
75 silly idealTree ├── css@1.0.8
75 silly idealTree ├─┬ dashdash@1.14.1
75 silly idealTree │ └── assert-plus@1.0.0
75 silly idealTree ├── dateformat@2.0.0
75 silly idealTree ├── debug@2.2.0
75 silly idealTree ├── decamelize@1.2.0
75 silly idealTree ├── default-user-agent@1.0.0
75 silly idealTree ├── delayed-stream@1.0.0
75 silly idealTree ├── depd@1.1.0
75 silly idealTree ├── destroy@1.0.4
75 silly idealTree ├── dicer@0.2.5
75 silly idealTree ├─┬ digest-header@0.0.1
75 silly idealTree │ └── utility@0.1.11
75 silly idealTree ├── ecc-jsbn@0.1.1
75 silly idealTree ├── ecdsa-sig-formatter@1.0.9
75 silly idealTree ├── ee-first@1.1.1
75 silly idealTree ├── encodeurl@1.0.1
75 silly idealTree ├── end-or-error@1.0.1
75 silly idealTree ├── enforce@0.1.7
75 silly idealTree ├── escape-html@1.0.3
75 silly idealTree ├── etag@1.8.0
75 silly idealTree ├── exit-on-epipe@1.0.0
75 silly idealTree ├─┬ express-mysql-session@1.2.0
75 silly idealTree │ ├── bignumber.js@2.3.0
75 silly idealTree │ ├── crc@3.4.0
75 silly idealTree │ ├── express-session@1.14.0
75 silly idealTree │ ├── mysql@2.11.1
75 silly idealTree │ └── sqlstring@2.0.1
75 silly idealTree ├─┬ express-session@1.15.2
75 silly idealTree │ ├── debug@2.6.3
75 silly idealTree │ ├── ms@0.7.2
75 silly idealTree │ └── uid-safe@2.1.4
75 silly idealTree ├─┬ express@4.15.2
75 silly idealTree │ ├── debug@2.6.1
75 silly idealTree │ └── ms@0.7.2
75 silly idealTree ├── extend@3.0.1
75 silly idealTree ├── extsprintf@1.0.2
75 silly idealTree ├── fd-slicer@1.0.1
75 silly idealTree ├─┬ finalhandler@1.0.2
75 silly idealTree │ ├── debug@2.6.4
75 silly idealTree │ └── ms@0.7.3
75 silly idealTree ├── forever-agent@0.6.1
75 silly idealTree ├── form-data@2.1.4
75 silly idealTree ├── forwarded@0.1.0
75 silly idealTree ├── frac@0.3.1
75 silly idealTree ├── fresh@0.5.0
75 silly idealTree ├── get-ready@1.0.0
75 silly idealTree ├─┬ getpass@0.1.7
75 silly idealTree │ └── assert-plus@1.0.0
75 silly idealTree ├── graceful-readlink@1.0.1
75 silly idealTree ├── har-schema@1.0.5
75 silly idealTree ├── har-validator@4.2.1
75 silly idealTree ├── hat@0.0.3
75 silly idealTree ├── hawk@3.1.3
75 silly idealTree ├── hoek@2.16.3
75 silly idealTree ├── http-errors@1.6.1
75 silly idealTree ├── http-signature@1.1.1
75 silly idealTree ├── httpntlm@1.6.1
75 silly idealTree ├── httpreq@0.4.22
75 silly idealTree ├── humanize-ms@1.2.0
75 silly idealTree ├── iconv-lite@0.4.15
75 silly idealTree ├── inherits@2.0.3
75 silly idealTree ├── ip@1.1.4
75 silly idealTree ├── ipaddr.js@1.3.0
75 silly idealTree ├── is-buffer@1.1.4
75 silly idealTree ├── is-class@0.0.4
75 silly idealTree ├── is-promise@2.1.0
75 silly idealTree ├── is-type-of@1.0.0
75 silly idealTree ├── is-typedarray@1.0.0
75 silly idealTree ├── isarray@0.0.1
75 silly idealTree ├── isemail@1.2.0
75 silly idealTree ├── isstream@0.1.2
75 silly idealTree ├── jade@1.11.0
75 silly idealTree ├── jodid25519@1.0.2
75 silly idealTree ├── joi@6.10.1
75 silly idealTree ├── jsbn@0.1.1
75 silly idealTree ├── json-schema@0.2.3
75 silly idealTree ├── json-stable-stringify@1.0.1
75 silly idealTree ├── json-stringify-safe@5.0.1
75 silly idealTree ├── jsonify@0.0.0
75 silly idealTree ├── jsonwebtoken@7.4.0
75 silly idealTree ├─┬ jsprim@1.4.0
75 silly idealTree │ └── assert-plus@1.0.0
75 silly idealTree ├── jstransformer@0.0.2
75 silly idealTree ├── jwa@1.1.5
75 silly idealTree ├── jws@3.1.4
75 silly idealTree ├── kind-of@3.1.0
75 silly idealTree ├── lazy-cache@1.0.4
75 silly idealTree ├── libbase64@0.1.0
75 silly idealTree ├── libmime@3.0.0
75 silly idealTree ├── libqp@1.1.0
75 silly idealTree ├── lodash.once@4.1.1
75 silly idealTree ├── lodash@4.17.2
75 silly idealTree ├── longest@1.0.1
75 silly idealTree ├── mailcomposer@4.0.1
75 silly idealTree ├── media-typer@0.3.0
75 silly idealTree ├── merge-descriptors@1.0.1
75 silly idealTree ├── methods@1.1.2
75 silly idealTree ├── mime-db@1.27.0
75 silly idealTree ├── mime-types@2.1.15
75 silly idealTree ├── mime@1.3.4
75 silly idealTree ├── minimist@0.0.8
75 silly idealTree ├── mkdirp@0.5.1
75 silly idealTree ├── mmmagic@0.4.5
75 silly idealTree ├── moment@2.18.1
75 silly idealTree ├─┬ morgan@1.8.1
75 silly idealTree │ ├── debug@2.6.1
75 silly idealTree │ └── ms@0.7.2
75 silly idealTree ├── ms@0.7.1
75 silly idealTree ├── multiparty@4.1.3
75 silly idealTree ├── mysql@2.13.0
75 silly idealTree ├── nan@2.5.1
75 silly idealTree ├── negotiator@0.6.1
75 silly idealTree ├── node-pluploader@0.0.6
75 silly idealTree ├── node-xlsx@0.7.4
75 silly idealTree ├── nodemailer-direct-transport@3.3.2
75 silly idealTree ├── nodemailer-fetch@1.6.0
75 silly idealTree ├── nodemailer-shared@1.1.0
75 silly idealTree ├── nodemailer-smtp-pool@2.8.2
75 silly idealTree ├── nodemailer-smtp-transport@2.7.2
75 silly idealTree ├── nodemailer-wellknown@0.1.10
75 silly idealTree ├── nodemailer@2.7.2
75 silly idealTree ├── oauth-sign@0.8.2
75 silly idealTree ├── on-finished@2.3.0
75 silly idealTree ├── on-headers@1.0.1
75 silly idealTree ├── optimist@0.3.7
75 silly idealTree ├─┬ orm-paging@0.0.1
75 silly idealTree │ └─┬ orm@3.2.3
75 silly idealTree │   ├─┬ async@2.1.4
75 silly idealTree │   │ └── lodash@4.17.4
75 silly idealTree │   ├── enforce@0.1.7
75 silly idealTree │   ├── hat@0.0.3
75 silly idealTree │   ├── lodash@4.17.2
75 silly idealTree │   ├── path-is-absolute@1.0.1
75 silly idealTree │   ├─┬ sql-ddl-sync@0.3.12
75 silly idealTree │   │ └── lodash@4.17.2
75 silly idealTree │   └── sql-query@0.1.26
75 silly idealTree ├─┬ orm@3.2.3
75 silly idealTree │ └── async@2.1.4
75 silly idealTree ├── os-name@1.0.3
75 silly idealTree ├─┬ osx-release@1.1.0
75 silly idealTree │ └── minimist@1.2.0
75 silly idealTree ├── parseurl@1.3.1
75 silly idealTree ├── path-is-absolute@1.0.1
75 silly idealTree ├── path-to-regexp@0.1.7
75 silly idealTree ├── pend@1.2.0
75 silly idealTree ├── performance-now@0.2.0
75 silly idealTree ├── platform@1.3.3
75 silly idealTree ├── printj@1.0.0
75 silly idealTree ├── process-nextick-args@1.0.7
75 silly idealTree ├── promise@6.1.0
75 silly idealTree ├── proxy-addr@1.1.4
75 silly idealTree ├── punycode@1.4.1
75 silly idealTree ├── qs@6.4.0
75 silly idealTree ├── random-bytes@1.0.0
75 silly idealTree ├── range-parser@1.2.0
75 silly idealTree ├── raw-body@2.2.0
75 silly idealTree ├── readable-stream@1.1.14
75 silly idealTree ├── repeat-string@1.6.1
75 silly idealTree ├── request@2.81.0
75 silly idealTree ├── right-align@0.1.3
75 silly idealTree ├── safe-buffer@5.0.1
75 silly idealTree ├── sax@1.2.2
75 silly idealTree ├── sdk-base@2.0.1
75 silly idealTree ├── semver@5.3.0
75 silly idealTree ├─┬ send@0.15.1
75 silly idealTree │ ├── debug@2.6.1
75 silly idealTree │ └── ms@0.7.2
75 silly idealTree ├── serve-static@1.12.1
75 silly idealTree ├── setprototypeof@1.0.3
75 silly idealTree ├── smart-buffer@1.0.13
75 silly idealTree ├── smtp-connection@2.12.0
75 silly idealTree ├── sntp@1.0.9
75 silly idealTree ├── socks@1.1.9
75 silly idealTree ├── source-map@0.4.4
75 silly idealTree ├── sql-ddl-sync@0.3.12
75 silly idealTree ├── sql-query@0.1.26
75 silly idealTree ├── sqlstring@2.2.0
75 silly idealTree ├── ssf@0.8.2
75 silly idealTree ├─┬ sshpk@1.13.0
75 silly idealTree │ └── assert-plus@1.0.0
75 silly idealTree ├── statuses@1.3.1
75 silly idealTree ├── streamsearch@0.1.2
75 silly idealTree ├── string_decoder@0.10.31
75 silly idealTree ├── stringstream@0.0.5
75 silly idealTree ├── topo@1.1.0
75 silly idealTree ├── tough-cookie@2.3.2
75 silly idealTree ├─┬ transformers@2.1.0
75 silly idealTree │ ├── is-promise@1.0.1
75 silly idealTree │ ├── promise@2.0.0
75 silly idealTree │ ├── source-map@0.1.43
75 silly idealTree │ └── uglify-js@2.2.5
75 silly idealTree ├── tunnel-agent@0.6.0
75 silly idealTree ├── tweetnacl@0.14.5
75 silly idealTree ├── type-is@1.6.15
75 silly idealTree ├── typedarray@0.0.6
75 silly idealTree ├─┬ uglify-js@2.7.5
75 silly idealTree │ └── source-map@0.5.6
75 silly idealTree ├── uglify-to-browserify@1.0.2
75 silly idealTree ├── uid-safe@2.1.3
75 silly idealTree ├── underscore@1.7.0
75 silly idealTree ├── unpipe@1.0.0
75 silly idealTree ├─┬ urllib@2.21.0
75 silly idealTree │ ├── debug@2.6.1
75 silly idealTree │ └── ms@0.7.2
75 silly idealTree ├── util-deprecate@1.0.2
75 silly idealTree ├── utility@1.11.0
75 silly idealTree ├── utils-merge@1.0.0
75 silly idealTree ├── uuid@3.0.1
75 silly idealTree ├── vary@1.1.1
75 silly idealTree ├── verror@1.3.6
75 silly idealTree ├── voc@0.5.0
75 silly idealTree ├── void-elements@2.0.1
75 silly idealTree ├── win-release@1.1.1
75 silly idealTree ├── window-size@0.1.0
75 silly idealTree ├─┬ with@4.0.3
75 silly idealTree │ └── acorn@1.2.2
75 silly idealTree ├── wordwrap@0.0.3
75 silly idealTree ├─┬ xlsx@0.8.8
75 silly idealTree │ └── commander@2.9.0
75 silly idealTree ├── xml2js@0.4.17
75 silly idealTree ├── xmlbuilder@4.2.1
75 silly idealTree ├── xtend@4.0.1
75 silly idealTree └── yargs@3.10.0
76 silly generateActionsToTake Starting
77 silly install generateActionsToTake
78 silly generateActionsToTake Finishing
79 silly diffTrees action count 1
80 silly diffTrees add base64@2.1.0
81 silly decomposeActions action count 8
82 silly decomposeActions fetch base64@2.1.0
83 silly decomposeActions extract base64@2.1.0
84 silly decomposeActions test base64@2.1.0
85 silly decomposeActions preinstall base64@2.1.0
86 silly decomposeActions build base64@2.1.0
87 silly decomposeActions install base64@2.1.0
88 silly decomposeActions postinstall base64@2.1.0
89 silly decomposeActions finalize base64@2.1.0
90 silly executeActions Starting
91 silly install executeActions
92 silly doSerial global-install 0
93 silly doParallel fetch 1
94 verbose correctMkdir /Users/wangchengkai/.npm/_locks correctMkdir not in flight; initializing
95 verbose lock using /Users/wangchengkai/.npm/_locks/staging-109bbd2a53b0b594.lock for /Users/wangchengkai/nodeJs/kmall/node_modules/.staging
96 silly doParallel extract 1
97 silly extract base64@2.1.0
98 verbose unbuild node_modules/.staging/base64-c6326698
99 silly gentlyRm /Users/wangchengkai/nodeJs/kmall/node_modules/.staging/base64-c6326698 is being purged from base /Users/wangchengkai/nodeJs/kmall
100 verbose gentlyRm don't care about contents; nuking /Users/wangchengkai/nodeJs/kmall/node_modules/.staging/base64-c6326698
101 verbose tar unpack /Users/wangchengkai/.npm/base64/2.1.0/package.tgz
102 verbose tar unpacking to /Users/wangchengkai/nodeJs/kmall/node_modules/.staging/base64-c6326698
103 silly gentlyRm /Users/wangchengkai/nodeJs/kmall/node_modules/.staging/base64-c6326698 is being purged
104 verbose gentlyRm don't care about contents; nuking /Users/wangchengkai/nodeJs/kmall/node_modules/.staging/base64-c6326698
105 silly gunzTarPerm modes [ '755', '644' ]
106 silly gunzTarPerm extractEntry package.json
107 silly gunzTarPerm extractEntry .npmignore
108 silly gunzTarPerm extractEntry base64.cc
109 silly gunzTarPerm extractEntry readme.txt
110 silly gunzTarPerm extractEntry test/encode.js
111 silly gunzTarPerm extractEntry test/test.sh
112 silly gunzTarPerm extractEntry test/perl-base64-encode.pl
113 silly gunzTarPerm extractEntry test/hashes.json
114 silly gunzTarPerm extractEntry test/data/data-rand-11
115 silly gunzTarPerm extractEntry test/data/data-rand-06
116 silly gunzTarPerm extractEntry test/data/data-png.png
117 silly gunzTarPerm extractEntry test/data/data-rand-09
118 silly gunzTarPerm extractEntry test/data/data-rand-08
119 silly gunzTarPerm extractEntry test/data/data-rand-05
120 silly gunzTarPerm extractEntry test/data/data-rand-03
121 silly gunzTarPerm extractEntry test/data/data-rand-10
122 silly gunzTarPerm extractEntry test/data/data-rand-13
123 silly gunzTarPerm extractEntry test/data/data-rand-14
124 silly gunzTarPerm extractEntry test/data/data-rand-20
125 silly gunzTarPerm extractEntry test/data/data-source-code.c
126 silly gunzTarPerm extractEntry test/data/data-rand-07
127 silly gunzTarPerm extractEntry test/data/data-rand-02
128 silly gunzTarPerm extractEntry test/data/data-rand-01
129 silly gunzTarPerm extractEntry test/data/data-rand-15
130 silly gunzTarPerm extractEntry test/data/data-rand-18
131 silly gunzTarPerm extractEntry test/data/data-rand-04
132 silly gunzTarPerm extractEntry test/data/data-rand-17
133 silly gunzTarPerm extractEntry test/data/data-rand-12
134 silly gunzTarPerm extractEntry test/data/data-rand-19
135 silly gunzTarPerm extractEntry test/data/data-rand-16
136 silly gunzTarPerm extractEntry package.json~
137 silly gunzTarPerm extractEntry binding.gyp
138 silly gentlyRm /Users/wangchengkai/nodeJs/kmall/node_modules/.staging/base64-c6326698/node_modules is being purged
139 verbose gentlyRm don't care about contents; nuking /Users/wangchengkai/nodeJs/kmall/node_modules/.staging/base64-c6326698/node_modules
140 silly doParallel preinstall 1
141 silly preinstall base64@2.1.0 /Users/wangchengkai/nodeJs/kmall/node_modules/.staging/base64-c6326698
142 info lifecycle base64@2.1.0~preinstall: base64@2.1.0
143 silly lifecycle base64@2.1.0~preinstall: no script for preinstall, continuing
144 silly doReverseSerial remove 0
145 silly doSerial move 0
146 silly doSerial finalize 1
147 silly finalize /Users/wangchengkai/nodeJs/kmall/node_modules/base64
148 silly doSerial build 1
149 silly build base64@2.1.0
150 info linkStuff base64@2.1.0
151 silly linkStuff base64@2.1.0 has /Users/wangchengkai/nodeJs/kmall/node_modules as its parent node_modules
152 verbose linkBins base64@2.1.0
153 verbose linkMans base64@2.1.0
154 silly doSerial global-link 0
155 silly doParallel update-linked 0
156 silly doSerial install 1
157 silly install base64@2.1.0 /Users/wangchengkai/nodeJs/kmall/node_modules/.staging/base64-c6326698
158 info lifecycle base64@2.1.0~install: base64@2.1.0
159 verbose lifecycle base64@2.1.0~install: unsafe-perm in lifecycle true
160 verbose lifecycle base64@2.1.0~install: PATH: /usr/local/lib/node_modules/npm/bin/node-gyp-bin:/Users/wangchengkai/nodeJs/kmall/node_modules/base64/node_modules/.bin:/Users/wangchengkai/nodeJs/kmall/node_modules/.bin:/usr/local/bin:/usr/local/php5/bin:/development/apache-maven-3.3.9:/Library/Frameworks/Python.framework/Versions/2.7/bin:/usr/local/bin:/usr/bin:/bin:/usr/sbin:/sbin:/usr/local/git/bin:/usr/local/php5/bin:/development/apache-maven-3.3.9:/Library/Frameworks/Python.framework/Versions/2.7/bin:/usr/local/mysql/bin:~/.composer/vendor/bin:/usr/X11/bin:/Library/Java/JavaVirtualMachines/jdk1.8.0_40.jdk/Contents/Home:/usr/local/maven/apache-maven-3.3.9/bin:~/bin:/usr/local/mysql/bin:~/.composer/vendor/bin:/usr/bin:/bin:/usr/sbin:/sbin:/usr/local/bin:/usr/X11/bin:/Library/Java/JavaVirtualMachines/jdk1.8.0_40.jdk/Contents/Home:/usr/local/maven/apache-maven-3.3.9/bin:~/bin
161 verbose lifecycle base64@2.1.0~install: CWD: /Users/wangchengkai/nodeJs/kmall/node_modules/base64
162 silly lifecycle base64@2.1.0~install: Args: [ '-c', 'node-gyp rebuild' ]
163 silly lifecycle base64@2.1.0~install: Returned: code: 1  signal: null
164 info lifecycle base64@2.1.0~install: Failed to exec install script
165 verbose unlock done using /Users/wangchengkai/.npm/_locks/staging-109bbd2a53b0b594.lock for /Users/wangchengkai/nodeJs/kmall/node_modules/.staging
166 silly rollbackFailedOptional Starting
167 silly rollbackFailedOptional Finishing
168 silly runTopLevelLifecycles Starting
169 silly runTopLevelLifecycles Finishing
170 silly install printInstalled
171 warn kmall@1.0.0 No description
172 warn kmall@1.0.0 No repository field.
173 verbose stack Error: base64@2.1.0 install: `node-gyp rebuild`
173 verbose stack Exit status 1
173 verbose stack     at EventEmitter.<anonymous> (/usr/local/lib/node_modules/npm/lib/utils/lifecycle.js:242:16)
173 verbose stack     at emitTwo (events.js:106:13)
173 verbose stack     at EventEmitter.emit (events.js:191:7)
173 verbose stack     at ChildProcess.<anonymous> (/usr/local/lib/node_modules/npm/lib/utils/spawn.js:40:14)
173 verbose stack     at emitTwo (events.js:106:13)
173 verbose stack     at ChildProcess.emit (events.js:191:7)
173 verbose stack     at maybeClose (internal/child_process.js:877:16)
173 verbose stack     at Process.ChildProcess._handle.onexit (internal/child_process.js:226:5)
174 verbose pkgid base64@2.1.0
175 verbose cwd /Users/wangchengkai/nodeJs/kmall
176 error Darwin 16.5.0
177 error argv "/usr/local/bin/node" "/usr/local/bin/npm" "install" "--save" "base64"
178 error node v6.5.0
179 error npm  v3.10.3
180 error code ELIFECYCLE
181 error base64@2.1.0 install: `node-gyp rebuild`
181 error Exit status 1
182 error Failed at the base64@2.1.0 install script 'node-gyp rebuild'.
182 error Make sure you have the latest version of node.js and npm installed.
182 error If you do, this is most likely a problem with the base64 package,
182 error not with npm itself.
182 error Tell the author that this fails on your system:
182 error     node-gyp rebuild
182 error You can get information on how to open an issue for this project with:
182 error     npm bugs base64
182 error Or if that isn't available, you can get their info via:
182 error     npm owner ls base64
182 error There is likely additional logging output above.
183 verbose exit [ 1, true ]
